<?xml version="1.0" encoding="UTF-8"?>
<!-- Generated by org.testng.reporters.JUnitReportReporter -->
<testsuite hostname="ctxresw20h2v046" failures="0" tests="3" name="com.miniproject.ComprehensiveAssignment.TestNG" time="15.306" errors="0" timestamp="2023-11-02T22:59:20 IST" skipped="0">
  <testcase classname="com.miniproject.ComprehensiveAssignment.TestNG" name="logo" time="2.709"/>
  <testcase classname="com.miniproject.ComprehensiveAssignment.TestNG" name="elementclickable" time="8.883"/>
  <testcase classname="com.miniproject.ComprehensiveAssignment.TestNG" name="click" time="3.714"/>
</testsuite> <!-- com.miniproject.ComprehensiveAssignment.TestNG -->
